<?xml version="1.0" encoding="UTF-8" ?>
<!--
  ~ Licensed to the Apache Software Foundation (ASF) under one
  ~ or more contributor license agreements.  See the NOTICE file
  ~ distributed with this work for additional information
  ~ regarding copyright ownership.  The ASF licenses this file
  ~ to you under the Apache License, Version 2.0 (the
  ~ "License"); you may not use this file except in compliance
  ~ with the License.  You may obtain a copy of the License at
  ~
  ~   http://www.apache.org/licenses/LICENSE-2.0
  ~
  ~ Unless required by applicable law or agreed to in writing,
  ~ software distributed under the License is distributed on an
  ~ "AS IS" BASIS, WITHOUT WARRANTIES OR CONDITIONS OF ANY
  ~ KIND, either express or implied.  See the License for the
  ~ specific language governing permissions and limitations
  ~ under the License.
  ~
  ~ Copyright (c) $year
  ~ Date: 26/2/19 8:43 AM
  ~ Subho Ghosh (subho dot ghosh at outlook.com)
  ~
  -->

<root>
  <header ID="UNIQUE-99918239014" group="TEST-APP-GROUP" application="TEST-APPLICATION" name="test-config-include" version="0.2">
    <description>This is a test JSON configuration file.</description>
    <createdBy>
      <user>subho</user>
      <timestamp>1552835141000</timestamp>
    </createdBy>
    <updatedBy>
      <user>subho</user>
      <timestamp>1552835141000</timestamp>
    </updatedBy>
  </header>
    <configuration>
        <nodeVersion>2</nodeVersion>
        <createdBy>
            <user>subho</user>
            <timestamp>12.31.2018 12:32:19</timestamp>
        </createdBy>
        <updatedBy>
            <user>subho</user>
            <timestamp>01.02.2019 12:32:19</timestamp>
        </updatedBy>
        <properties>
            <PROP_1>TEST_PROP_1</PROP_1>
            <PROP_2>TEST_PROP_2</PROP_2>
            <PROP_3>TEST_PROP_3</PROP_3>
        </properties>
        <node_1>
            <nodeVersion>1</nodeVersion>
            <createdBy>
                <user>subho</user>
                <timestamp>12.31.2018 12:32:19</timestamp>
            </createdBy>
            <updatedBy>
                <user>subho</user>
                <timestamp>01.02.2019 12:32:19</timestamp>
            </updatedBy>
            <parameters>
                <PARAM_1>This is a replacement test. ${PROP_1}</PARAM_1>
                <PARAM_2>TEST_PARAM_2</PARAM_2>
                <PARAM_3>TEST_PARAM_3</PARAM_3>
                <PARAM_4>TEST_PARAM_4</PARAM_4>
            </parameters>
            <include path="../../../Resources/XML/test-config-included.xml" configName="test-config-included"
                     type="File" version="0.*">
            </include>
        </node_1>
    </configuration>
</root>